2015-04-03 15:37:07.579 AGifts[1721:48443] DiskCookieStorage changing policy from 2 to 0, cookie file: file:///Users/anna/Library/Developer/CoreSimulator/Devices/D7472E38-83A0-461A-B955-BE7A3A1606A4/data/Containers/Data/Application/37E34A16-4546-4B2D-8AF9-D69AD1AACA22/Library/Cookies/Cookies.binarycookies
2015-04-03 15:37:07.802 AGifts[1721:48443] Apache Cordova native platform version 3.8.0 is starting.
2015-04-03 15:37:07.802 AGifts[1721:48443] Multi-tasking -> Device: YES, App: YES
2015-04-03 15:37:07.816 AGifts[1721:48443] Unlimited access to network resources
2015-04-03 15:37:07.824 AGifts[1721:48443] 

Started backup to iCloud! Please be careful.
Your application might be rejected by Apple if you store too much data.
For more information please read "iOS Data Storage Guidelines" at:
https://developer.apple.com/icloud/documentation/data-storage/
To disable web storage backup to iCloud, set the BackupWebStorage preference to "local" in the Cordova config.xml file

2015-04-03 15:37:08.538 AGifts[1721:48443] Resetting plugins due to page load.
2015-04-03 15:37:08.649 AGifts[1721:48443] Finished load of: file:///Users/anna/Library/Developer/CoreSimulator/Devices/D7472E38-83A0-461A-B955-BE7A3A1606A4/data/Containers/Bundle/Application/4296D041-FF75-47C7-9185-6857E85B70BF/AGifts.app/www/index.html
2015-04-03 19:17:22.287 AGifts[3528:120905] DiskCookieStorage changing policy from 2 to 0, cookie file: file:///Users/anna/Library/Developer/CoreSimulator/Devices/D7472E38-83A0-461A-B955-BE7A3A1606A4/data/Containers/Data/Application/64919D36-65F8-4054-9874-3B80D66CF979/Library/Cookies/Cookies.binarycookies
2015-04-03 19:17:22.596 AGifts[3528:120905] Apache Cordova native platform version 3.8.0 is starting.
2015-04-03 19:17:22.597 AGifts[3528:120905] Multi-tasking -> Device: YES, App: YES
2015-04-03 19:17:22.617 AGifts[3528:120905] Unlimited access to network resources
2015-04-03 19:17:22.635 AGifts[3528:120905] 

Started backup to iCloud! Please be careful.
Your application might be rejected by Apple if you store too much data.
For more information please read "iOS Data Storage Guidelines" at:
https://developer.apple.com/icloud/documentation/data-storage/
To disable web storage backup to iCloud, set the BackupWebStorage preference to "local" in the Cordova config.xml file

2015-04-03 19:17:23.352 AGifts[3528:120905] Resetting plugins due to page load.
2015-04-03 19:17:23.581 AGifts[3528:120905] Finished load of: file:///Users/anna/Library/Developer/CoreSimulator/Devices/D7472E38-83A0-461A-B955-BE7A3A1606A4/data/Containers/Bundle/Application/BCFF778E-CB24-41B7-A656-ACF9750A6E20/AGifts.app/www/index.html
2015-04-03 19:19:56.254 AGifts[3603:122059] DiskCookieStorage changing policy from 2 to 0, cookie file: file:///Users/anna/Library/Developer/CoreSimulator/Devices/D7472E38-83A0-461A-B955-BE7A3A1606A4/data/Containers/Data/Application/17CD3267-E5DF-4DED-9E70-01EF3328DF24/Library/Cookies/Cookies.binarycookies
2015-04-03 19:19:56.312 AGifts[3603:122059] Apache Cordova native platform version 3.8.0 is starting.
2015-04-03 19:19:56.312 AGifts[3603:122059] Multi-tasking -> Device: YES, App: YES
2015-04-03 19:19:56.313 AGifts[3603:122059] Unlimited access to network resources
2015-04-03 19:19:56.315 AGifts[3603:122059] 

Started backup to iCloud! Please be careful.
Your application might be rejected by Apple if you store too much data.
For more information please read "iOS Data Storage Guidelines" at:
https://developer.apple.com/icloud/documentation/data-storage/
To disable web storage backup to iCloud, set the BackupWebStorage preference to "local" in the Cordova config.xml file

2015-04-03 19:19:56.415 AGifts[3603:122059] Resetting plugins due to page load.
2015-04-03 19:19:56.444 AGifts[3603:122059] Finished load of: file:///Users/anna/Library/Developer/CoreSimulator/Devices/D7472E38-83A0-461A-B955-BE7A3A1606A4/data/Containers/Bundle/Application/62FCEC13-83BB-4426-96BB-EF44445C7E6E/AGifts.app/www/index.html
2015-04-03 19:31:00.469 AGifts[3722:127023] DiskCookieStorage changing policy from 2 to 0, cookie file: file:///Users/anna/Library/Developer/CoreSimulator/Devices/D7472E38-83A0-461A-B955-BE7A3A1606A4/data/Containers/Data/Application/DA69327C-A179-4251-8BF0-A72FDA66A2D8/Library/Cookies/Cookies.binarycookies
2015-04-03 19:31:00.527 AGifts[3722:127023] Apache Cordova native platform version 3.8.0 is starting.
2015-04-03 19:31:00.527 AGifts[3722:127023] Multi-tasking -> Device: YES, App: YES
2015-04-03 19:31:00.528 AGifts[3722:127023] Unlimited access to network resources
2015-04-03 19:31:00.531 AGifts[3722:127023] 

Started backup to iCloud! Please be careful.
Your application might be rejected by Apple if you store too much data.
For more information please read "iOS Data Storage Guidelines" at:
https://developer.apple.com/icloud/documentation/data-storage/
To disable web storage backup to iCloud, set the BackupWebStorage preference to "local" in the Cordova config.xml file

2015-04-03 19:31:00.654 AGifts[3722:127023] Resetting plugins due to page load.
2015-04-03 19:31:00.683 AGifts[3722:127023] Finished load of: file:///Users/anna/Library/Developer/CoreSimulator/Devices/D7472E38-83A0-461A-B955-BE7A3A1606A4/data/Containers/Bundle/Application/6095238C-82A2-4B51-9927-3C8C2A9F6745/AGifts.app/www/index.html
2015-04-03 20:00:12.293 AGifts[3943:137352] DiskCookieStorage changing policy from 2 to 0, cookie file: file:///Users/anna/Library/Developer/CoreSimulator/Devices/D7472E38-83A0-461A-B955-BE7A3A1606A4/data/Containers/Data/Application/7961BB6F-0A13-42BD-892F-8EBC8F715574/Library/Cookies/Cookies.binarycookies
2015-04-03 20:00:12.352 AGifts[3943:137352] Apache Cordova native platform version 3.8.0 is starting.
2015-04-03 20:00:12.352 AGifts[3943:137352] Multi-tasking -> Device: YES, App: YES
2015-04-03 20:00:12.354 AGifts[3943:137352] Unlimited access to network resources
2015-04-03 20:00:12.356 AGifts[3943:137352] 

Started backup to iCloud! Please be careful.
Your application might be rejected by Apple if you store too much data.
For more information please read "iOS Data Storage Guidelines" at:
https://developer.apple.com/icloud/documentation/data-storage/
To disable web storage backup to iCloud, set the BackupWebStorage preference to "local" in the Cordova config.xml file

2015-04-03 20:00:12.482 AGifts[3943:137352] Resetting plugins due to page load.
2015-04-03 20:00:12.590 AGifts[3943:137352] Finished load of: file:///Users/anna/Library/Developer/CoreSimulator/Devices/D7472E38-83A0-461A-B955-BE7A3A1606A4/data/Containers/Bundle/Application/BABABA35-386C-4FF3-AA30-882F430EBB98/AGifts.app/www/index.html
2015-04-03 20:00:38.538 AGifts[4006:137809] DiskCookieStorage changing policy from 2 to 0, cookie file: file:///Users/anna/Library/Developer/CoreSimulator/Devices/D7472E38-83A0-461A-B955-BE7A3A1606A4/data/Containers/Data/Application/816A62A5-5E3E-47C5-A12A-2FCB1B89AF62/Library/Cookies/Cookies.binarycookies
2015-04-03 20:00:38.585 AGifts[4006:137809] Apache Cordova native platform version 3.8.0 is starting.
2015-04-03 20:00:38.585 AGifts[4006:137809] Multi-tasking -> Device: YES, App: YES
2015-04-03 20:00:38.586 AGifts[4006:137809] Unlimited access to network resources
2015-04-03 20:00:38.588 AGifts[4006:137809] 

Started backup to iCloud! Please be careful.
Your application might be rejected by Apple if you store too much data.
For more information please read "iOS Data Storage Guidelines" at:
https://developer.apple.com/icloud/documentation/data-storage/
To disable web storage backup to iCloud, set the BackupWebStorage preference to "local" in the Cordova config.xml file

2015-04-03 20:00:38.694 AGifts[4006:137809] Resetting plugins due to page load.
2015-04-03 20:00:38.734 AGifts[4006:137809] Finished load of: file:///Users/anna/Library/Developer/CoreSimulator/Devices/D7472E38-83A0-461A-B955-BE7A3A1606A4/data/Containers/Bundle/Application/9D399184-E650-47B9-AAEC-54F3C6C1FF32/AGifts.app/www/index.html
2015-04-03 20:01:07.677 AGifts[4067:138280] DiskCookieStorage changing policy from 2 to 0, cookie file: file:///Users/anna/Library/Developer/CoreSimulator/Devices/D7472E38-83A0-461A-B955-BE7A3A1606A4/data/Containers/Data/Application/730CB23C-D2D6-4FEB-8D6F-CDA8D5FE4D69/Library/Cookies/Cookies.binarycookies
2015-04-03 20:01:07.730 AGifts[4067:138280] Apache Cordova native platform version 3.8.0 is starting.
2015-04-03 20:01:07.730 AGifts[4067:138280] Multi-tasking -> Device: YES, App: YES
2015-04-03 20:01:07.731 AGifts[4067:138280] Unlimited access to network resources
2015-04-03 20:01:07.733 AGifts[4067:138280] 

Started backup to iCloud! Please be careful.
Your application might be rejected by Apple if you store too much data.
For more information please read "iOS Data Storage Guidelines" at:
https://developer.apple.com/icloud/documentation/data-storage/
To disable web storage backup to iCloud, set the BackupWebStorage preference to "local" in the Cordova config.xml file

2015-04-03 20:01:07.840 AGifts[4067:138280] Resetting plugins due to page load.
2015-04-03 20:01:07.877 AGifts[4067:138280] Finished load of: file:///Users/anna/Library/Developer/CoreSimulator/Devices/D7472E38-83A0-461A-B955-BE7A3A1606A4/data/Containers/Bundle/Application/BE7EE539-9E54-4874-87A5-9F69B0C502D9/AGifts.app/www/index.html
2015-04-03 20:02:55.861 AGifts[4140:139162] DiskCookieStorage changing policy from 2 to 0, cookie file: file:///Users/anna/Library/Developer/CoreSimulator/Devices/D7472E38-83A0-461A-B955-BE7A3A1606A4/data/Containers/Data/Application/41ACDE77-6B74-40E5-910D-43331501F2D1/Library/Cookies/Cookies.binarycookies
2015-04-03 20:02:55.912 AGifts[4140:139162] Apache Cordova native platform version 3.8.0 is starting.
2015-04-03 20:02:55.912 AGifts[4140:139162] Multi-tasking -> Device: YES, App: YES
2015-04-03 20:02:55.913 AGifts[4140:139162] Unlimited access to network resources
2015-04-03 20:02:55.915 AGifts[4140:139162] 

Started backup to iCloud! Please be careful.
Your application might be rejected by Apple if you store too much data.
For more information please read "iOS Data Storage Guidelines" at:
https://developer.apple.com/icloud/documentation/data-storage/
To disable web storage backup to iCloud, set the BackupWebStorage preference to "local" in the Cordova config.xml file

2015-04-03 20:02:56.021 AGifts[4140:139162] Resetting plugins due to page load.
2015-04-03 20:02:56.061 AGifts[4140:139162] Finished load of: file:///Users/anna/Library/Developer/CoreSimulator/Devices/D7472E38-83A0-461A-B955-BE7A3A1606A4/data/Containers/Bundle/Application/F4CE268C-DDCF-481F-892E-88A343A61C22/AGifts.app/www/index.html
2015-04-03 20:13:31.755 AGifts[4331:145753] DiskCookieStorage changing policy from 2 to 0, cookie file: file:///Users/anna/Library/Developer/CoreSimulator/Devices/D7472E38-83A0-461A-B955-BE7A3A1606A4/data/Containers/Data/Application/1605DC17-43E0-4E7D-B0D8-66F544B43EB3/Library/Cookies/Cookies.binarycookies
2015-04-03 20:13:31.811 AGifts[4331:145753] Apache Cordova native platform version 3.8.0 is starting.
2015-04-03 20:13:31.811 AGifts[4331:145753] Multi-tasking -> Device: YES, App: YES
2015-04-03 20:13:31.812 AGifts[4331:145753] Unlimited access to network resources
2015-04-03 20:13:31.814 AGifts[4331:145753] 

Started backup to iCloud! Please be careful.
Your application might be rejected by Apple if you store too much data.
For more information please read "iOS Data Storage Guidelines" at:
https://developer.apple.com/icloud/documentation/data-storage/
To disable web storage backup to iCloud, set the BackupWebStorage preference to "local" in the Cordova config.xml file

2015-04-03 20:13:31.929 AGifts[4331:145753] Resetting plugins due to page load.
2015-04-03 20:13:31.977 AGifts[4331:145753] Finished load of: file:///Users/anna/Library/Developer/CoreSimulator/Devices/D7472E38-83A0-461A-B955-BE7A3A1606A4/data/Containers/Bundle/Application/9BA6FA7C-7A47-4B00-B802-903EE5E933E3/AGifts.app/www/index.html
2015-04-03 20:16:25.407 AGifts[4411:147271] DiskCookieStorage changing policy from 2 to 0, cookie file: file:///Users/anna/Library/Developer/CoreSimulator/Devices/D7472E38-83A0-461A-B955-BE7A3A1606A4/data/Containers/Data/Application/DE2A6097-F9A0-44BF-A0FC-5A446529D982/Library/Cookies/Cookies.binarycookies
2015-04-03 20:16:25.464 AGifts[4411:147271] Apache Cordova native platform version 3.8.0 is starting.
2015-04-03 20:16:25.464 AGifts[4411:147271] Multi-tasking -> Device: YES, App: YES
2015-04-03 20:16:25.465 AGifts[4411:147271] Unlimited access to network resources
2015-04-03 20:16:25.467 AGifts[4411:147271] 

Started backup to iCloud! Please be careful.
Your application might be rejected by Apple if you store too much data.
For more information please read "iOS Data Storage Guidelines" at:
https://developer.apple.com/icloud/documentation/data-storage/
To disable web storage backup to iCloud, set the BackupWebStorage preference to "local" in the Cordova config.xml file

2015-04-03 20:16:25.579 AGifts[4411:147271] Resetting plugins due to page load.
2015-04-03 20:16:25.611 AGifts[4411:147271] Finished load of: file:///Users/anna/Library/Developer/CoreSimulator/Devices/D7472E38-83A0-461A-B955-BE7A3A1606A4/data/Containers/Bundle/Application/E741F49D-141D-4BC7-92EB-BF2DC7079D69/AGifts.app/www/index.html
2015-04-03 20:18:30.662 AGifts[4492:148528] DiskCookieStorage changing policy from 2 to 0, cookie file: file:///Users/anna/Library/Developer/CoreSimulator/Devices/D7472E38-83A0-461A-B955-BE7A3A1606A4/data/Containers/Data/Application/EA18E08B-E201-44E6-A826-66C24D6A9474/Library/Cookies/Cookies.binarycookies
2015-04-03 20:18:30.722 AGifts[4492:148528] Apache Cordova native platform version 3.8.0 is starting.
2015-04-03 20:18:30.722 AGifts[4492:148528] Multi-tasking -> Device: YES, App: YES
2015-04-03 20:18:30.724 AGifts[4492:148528] Unlimited access to network resources
2015-04-03 20:18:30.726 AGifts[4492:148528] 

Started backup to iCloud! Please be careful.
Your application might be rejected by Apple if you store too much data.
For more information please read "iOS Data Storage Guidelines" at:
https://developer.apple.com/icloud/documentation/data-storage/
To disable web storage backup to iCloud, set the BackupWebStorage preference to "local" in the Cordova config.xml file

2015-04-03 20:18:30.828 AGifts[4492:148528] Resetting plugins due to page load.
2015-04-03 20:18:30.859 AGifts[4492:148528] Finished load of: file:///Users/anna/Library/Developer/CoreSimulator/Devices/D7472E38-83A0-461A-B955-BE7A3A1606A4/data/Containers/Bundle/Application/8517DDF2-CCA1-4DCC-8345-F1F0E75CB886/AGifts.app/www/index.html
2015-04-03 20:20:17.892 AGifts[4563:149831] DiskCookieStorage changing policy from 2 to 0, cookie file: file:///Users/anna/Library/Developer/CoreSimulator/Devices/D7472E38-83A0-461A-B955-BE7A3A1606A4/data/Containers/Data/Application/3C3C28F1-D3F9-47B2-8DBB-4AFD6BC5B710/Library/Cookies/Cookies.binarycookies
2015-04-03 20:20:17.946 AGifts[4563:149831] Apache Cordova native platform version 3.8.0 is starting.
2015-04-03 20:20:17.946 AGifts[4563:149831] Multi-tasking -> Device: YES, App: YES
2015-04-03 20:20:17.948 AGifts[4563:149831] Unlimited access to network resources
2015-04-03 20:20:17.949 AGifts[4563:149831] 

Started backup to iCloud! Please be careful.
Your application might be rejected by Apple if you store too much data.
For more information please read "iOS Data Storage Guidelines" at:
https://developer.apple.com/icloud/documentation/data-storage/
To disable web storage backup to iCloud, set the BackupWebStorage preference to "local" in the Cordova config.xml file

2015-04-03 20:20:18.063 AGifts[4563:149831] Resetting plugins due to page load.
2015-04-03 20:20:18.095 AGifts[4563:149831] Finished load of: file:///Users/anna/Library/Developer/CoreSimulator/Devices/D7472E38-83A0-461A-B955-BE7A3A1606A4/data/Containers/Bundle/Application/DCA9E072-B377-449D-A066-0BB37BBB48E5/AGifts.app/www/index.html
2015-04-03 20:23:15.771 AGifts[4642:151046] DiskCookieStorage changing policy from 2 to 0, cookie file: file:///Users/anna/Library/Developer/CoreSimulator/Devices/D7472E38-83A0-461A-B955-BE7A3A1606A4/data/Containers/Data/Application/6AFBC6A8-1D8C-462E-999E-6A7F25AED839/Library/Cookies/Cookies.binarycookies
2015-04-03 20:23:15.826 AGifts[4642:151046] Apache Cordova native platform version 3.8.0 is starting.
2015-04-03 20:23:15.826 AGifts[4642:151046] Multi-tasking -> Device: YES, App: YES
2015-04-03 20:23:15.827 AGifts[4642:151046] Unlimited access to network resources
2015-04-03 20:23:15.829 AGifts[4642:151046] 

Started backup to iCloud! Please be careful.
Your application might be rejected by Apple if you store too much data.
For more information please read "iOS Data Storage Guidelines" at:
https://developer.apple.com/icloud/documentation/data-storage/
To disable web storage backup to iCloud, set the BackupWebStorage preference to "local" in the Cordova config.xml file

2015-04-03 20:23:15.933 AGifts[4642:151046] Resetting plugins due to page load.
2015-04-03 20:23:15.963 AGifts[4642:151046] Finished load of: file:///Users/anna/Library/Developer/CoreSimulator/Devices/D7472E38-83A0-461A-B955-BE7A3A1606A4/data/Containers/Bundle/Application/F1DED8CE-29E3-4369-9749-E797C4ABF043/AGifts.app/www/index.html
2015-04-03 20:23:39.962 AGifts[4706:151486] DiskCookieStorage changing policy from 2 to 0, cookie file: file:///Users/anna/Library/Developer/CoreSimulator/Devices/D7472E38-83A0-461A-B955-BE7A3A1606A4/data/Containers/Data/Application/E6D45B25-AFB0-4F7F-A72A-3BE28A353F9E/Library/Cookies/Cookies.binarycookies
2015-04-03 20:23:40.012 AGifts[4706:151486] Apache Cordova native platform version 3.8.0 is starting.
2015-04-03 20:23:40.012 AGifts[4706:151486] Multi-tasking -> Device: YES, App: YES
2015-04-03 20:23:40.014 AGifts[4706:151486] Unlimited access to network resources
2015-04-03 20:23:40.016 AGifts[4706:151486] 

Started backup to iCloud! Please be careful.
Your application might be rejected by Apple if you store too much data.
For more information please read "iOS Data Storage Guidelines" at:
https://developer.apple.com/icloud/documentation/data-storage/
To disable web storage backup to iCloud, set the BackupWebStorage preference to "local" in the Cordova config.xml file

2015-04-03 20:23:40.121 AGifts[4706:151486] Resetting plugins due to page load.
2015-04-03 20:23:40.165 AGifts[4706:151486] Finished load of: file:///Users/anna/Library/Developer/CoreSimulator/Devices/D7472E38-83A0-461A-B955-BE7A3A1606A4/data/Containers/Bundle/Application/3C748EEB-212E-4FCA-8B3A-F1D9F3982947/AGifts.app/www/index.html
2015-04-03 20:24:34.715 AGifts[4774:152084] DiskCookieStorage changing policy from 2 to 0, cookie file: file:///Users/anna/Library/Developer/CoreSimulator/Devices/D7472E38-83A0-461A-B955-BE7A3A1606A4/data/Containers/Data/Application/DEE7B8DA-5115-4CBC-9021-91EE249CC468/Library/Cookies/Cookies.binarycookies
2015-04-03 20:24:34.767 AGifts[4774:152084] Apache Cordova native platform version 3.8.0 is starting.
2015-04-03 20:24:34.767 AGifts[4774:152084] Multi-tasking -> Device: YES, App: YES
2015-04-03 20:24:34.768 AGifts[4774:152084] Unlimited access to network resources
2015-04-03 20:24:34.770 AGifts[4774:152084] 

Started backup to iCloud! Please be careful.
Your application might be rejected by Apple if you store too much data.
For more information please read "iOS Data Storage Guidelines" at:
https://developer.apple.com/icloud/documentation/data-storage/
To disable web storage backup to iCloud, set the BackupWebStorage preference to "local" in the Cordova config.xml file

2015-04-03 20:24:34.876 AGifts[4774:152084] Resetting plugins due to page load.
2015-04-03 20:24:34.916 AGifts[4774:152084] Finished load of: file:///Users/anna/Library/Developer/CoreSimulator/Devices/D7472E38-83A0-461A-B955-BE7A3A1606A4/data/Containers/Bundle/Application/964C5018-56E6-4474-9233-023D2C4FBDCF/AGifts.app/www/index.html
2015-04-03 20:25:07.927 AGifts[4838:152537] DiskCookieStorage changing policy from 2 to 0, cookie file: file:///Users/anna/Library/Developer/CoreSimulator/Devices/D7472E38-83A0-461A-B955-BE7A3A1606A4/data/Containers/Data/Application/37B3BF61-6EDC-48EC-A717-3F00680BAA6E/Library/Cookies/Cookies.binarycookies
2015-04-03 20:25:07.984 AGifts[4838:152537] Apache Cordova native platform version 3.8.0 is starting.
2015-04-03 20:25:07.984 AGifts[4838:152537] Multi-tasking -> Device: YES, App: YES
2015-04-03 20:25:07.985 AGifts[4838:152537] Unlimited access to network resources
2015-04-03 20:25:07.987 AGifts[4838:152537] 

Started backup to iCloud! Please be careful.
Your application might be rejected by Apple if you store too much data.
For more information please read "iOS Data Storage Guidelines" at:
https://developer.apple.com/icloud/documentation/data-storage/
To disable web storage backup to iCloud, set the BackupWebStorage preference to "local" in the Cordova config.xml file

2015-04-03 20:25:08.085 AGifts[4838:152537] Resetting plugins due to page load.
2015-04-03 20:25:08.126 AGifts[4838:152537] Finished load of: file:///Users/anna/Library/Developer/CoreSimulator/Devices/D7472E38-83A0-461A-B955-BE7A3A1606A4/data/Containers/Bundle/Application/88B41EE6-9957-4BE0-87B9-9F7048138E5B/AGifts.app/www/index.html
2015-04-03 20:25:20.754 AGifts[4901:152904] DiskCookieStorage changing policy from 2 to 0, cookie file: file:///Users/anna/Library/Developer/CoreSimulator/Devices/D7472E38-83A0-461A-B955-BE7A3A1606A4/data/Containers/Data/Application/46CF1C2D-EFD5-4E63-85C1-EDA7C057BF85/Library/Cookies/Cookies.binarycookies
2015-04-03 20:25:20.808 AGifts[4901:152904] Apache Cordova native platform version 3.8.0 is starting.
2015-04-03 20:25:20.809 AGifts[4901:152904] Multi-tasking -> Device: YES, App: YES
2015-04-03 20:25:20.811 AGifts[4901:152904] Unlimited access to network resources
2015-04-03 20:25:20.813 AGifts[4901:152904] 

Started backup to iCloud! Please be careful.
Your application might be rejected by Apple if you store too much data.
For more information please read "iOS Data Storage Guidelines" at:
https://developer.apple.com/icloud/documentation/data-storage/
To disable web storage backup to iCloud, set the BackupWebStorage preference to "local" in the Cordova config.xml file

2015-04-03 20:25:20.913 AGifts[4901:152904] Resetting plugins due to page load.
2015-04-03 20:25:20.952 AGifts[4901:152904] Finished load of: file:///Users/anna/Library/Developer/CoreSimulator/Devices/D7472E38-83A0-461A-B955-BE7A3A1606A4/data/Containers/Bundle/Application/05368141-DD46-4F20-8522-688D45EBA87B/AGifts.app/www/index.html
2015-04-03 20:25:46.413 AGifts[4965:153298] DiskCookieStorage changing policy from 2 to 0, cookie file: file:///Users/anna/Library/Developer/CoreSimulator/Devices/D7472E38-83A0-461A-B955-BE7A3A1606A4/data/Containers/Data/Application/19733C8E-16F9-4553-819A-D6A9625AE2FD/Library/Cookies/Cookies.binarycookies
2015-04-03 20:25:46.460 AGifts[4965:153298] Apache Cordova native platform version 3.8.0 is starting.
2015-04-03 20:25:46.460 AGifts[4965:153298] Multi-tasking -> Device: YES, App: YES
2015-04-03 20:25:46.461 AGifts[4965:153298] Unlimited access to network resources
2015-04-03 20:25:46.463 AGifts[4965:153298] 

Started backup to iCloud! Please be careful.
Your application might be rejected by Apple if you store too much data.
For more information please read "iOS Data Storage Guidelines" at:
https://developer.apple.com/icloud/documentation/data-storage/
To disable web storage backup to iCloud, set the BackupWebStorage preference to "local" in the Cordova config.xml file

2015-04-03 20:25:46.573 AGifts[4965:153298] Resetting plugins due to page load.
2015-04-03 20:25:46.618 AGifts[4965:153298] Finished load of: file:///Users/anna/Library/Developer/CoreSimulator/Devices/D7472E38-83A0-461A-B955-BE7A3A1606A4/data/Containers/Bundle/Application/403E4389-8A03-4E46-9A74-991827DE5AF2/AGifts.app/www/index.html
2015-04-03 20:26:39.821 AGifts[5030:153810] DiskCookieStorage changing policy from 2 to 0, cookie file: file:///Users/anna/Library/Developer/CoreSimulator/Devices/D7472E38-83A0-461A-B955-BE7A3A1606A4/data/Containers/Data/Application/DB3F2126-EE33-4096-B9F1-DEEE6AA29DD7/Library/Cookies/Cookies.binarycookies
2015-04-03 20:26:39.874 AGifts[5030:153810] Apache Cordova native platform version 3.8.0 is starting.
2015-04-03 20:26:39.874 AGifts[5030:153810] Multi-tasking -> Device: YES, App: YES
2015-04-03 20:26:39.875 AGifts[5030:153810] Unlimited access to network resources
2015-04-03 20:26:39.877 AGifts[5030:153810] 

Started backup to iCloud! Please be careful.
Your application might be rejected by Apple if you store too much data.
For more information please read "iOS Data Storage Guidelines" at:
https://developer.apple.com/icloud/documentation/data-storage/
To disable web storage backup to iCloud, set the BackupWebStorage preference to "local" in the Cordova config.xml file

2015-04-03 20:26:39.983 AGifts[5030:153810] Resetting plugins due to page load.
2015-04-03 20:26:40.023 AGifts[5030:153810] Finished load of: file:///Users/anna/Library/Developer/CoreSimulator/Devices/D7472E38-83A0-461A-B955-BE7A3A1606A4/data/Containers/Bundle/Application/23D6547D-072B-4C1B-AB6B-1674E3BA01F2/AGifts.app/www/index.html
2015-04-03 20:35:31.575 AGifts[5144:158559] DiskCookieStorage changing policy from 2 to 0, cookie file: file:///Users/anna/Library/Developer/CoreSimulator/Devices/D7472E38-83A0-461A-B955-BE7A3A1606A4/data/Containers/Data/Application/66200C7F-B816-4DC4-817C-7402E7A1F2C4/Library/Cookies/Cookies.binarycookies
2015-04-03 20:35:31.632 AGifts[5144:158559] Apache Cordova native platform version 3.8.0 is starting.
2015-04-03 20:35:31.632 AGifts[5144:158559] Multi-tasking -> Device: YES, App: YES
2015-04-03 20:35:31.633 AGifts[5144:158559] Unlimited access to network resources
2015-04-03 20:35:31.635 AGifts[5144:158559] 

Started backup to iCloud! Please be careful.
Your application might be rejected by Apple if you store too much data.
For more information please read "iOS Data Storage Guidelines" at:
https://developer.apple.com/icloud/documentation/data-storage/
To disable web storage backup to iCloud, set the BackupWebStorage preference to "local" in the Cordova config.xml file

2015-04-03 20:35:31.743 AGifts[5144:158559] Resetting plugins due to page load.
2015-04-03 20:35:31.784 AGifts[5144:158559] Finished load of: file:///Users/anna/Library/Developer/CoreSimulator/Devices/D7472E38-83A0-461A-B955-BE7A3A1606A4/data/Containers/Bundle/Application/3B1BFE9D-5472-4F9F-B3E5-2F53B2980EC5/AGifts.app/www/index.html
2015-04-03 20:36:27.782 AGifts[5212:159175] DiskCookieStorage changing policy from 2 to 0, cookie file: file:///Users/anna/Library/Developer/CoreSimulator/Devices/D7472E38-83A0-461A-B955-BE7A3A1606A4/data/Containers/Data/Application/D4CBBCD5-1F19-4855-A607-D8EB15481BF4/Library/Cookies/Cookies.binarycookies
2015-04-03 20:36:27.839 AGifts[5212:159175] Apache Cordova native platform version 3.8.0 is starting.
2015-04-03 20:36:27.839 AGifts[5212:159175] Multi-tasking -> Device: YES, App: YES
2015-04-03 20:36:27.840 AGifts[5212:159175] Unlimited access to network resources
2015-04-03 20:36:27.842 AGifts[5212:159175] 

Started backup to iCloud! Please be careful.
Your application might be rejected by Apple if you store too much data.
For more information please read "iOS Data Storage Guidelines" at:
https://developer.apple.com/icloud/documentation/data-storage/
To disable web storage backup to iCloud, set the BackupWebStorage preference to "local" in the Cordova config.xml file

2015-04-03 20:36:27.949 AGifts[5212:159175] Resetting plugins due to page load.
2015-04-03 20:36:27.991 AGifts[5212:159175] Finished load of: file:///Users/anna/Library/Developer/CoreSimulator/Devices/D7472E38-83A0-461A-B955-BE7A3A1606A4/data/Containers/Bundle/Application/324D7762-782F-476F-8021-3A796E2E057B/AGifts.app/www/index.html
2015-04-03 20:37:08.539 AGifts[5278:159702] DiskCookieStorage changing policy from 2 to 0, cookie file: file:///Users/anna/Library/Developer/CoreSimulator/Devices/D7472E38-83A0-461A-B955-BE7A3A1606A4/data/Containers/Data/Application/786AB453-4D53-43FF-8C8B-FE9A13B7A926/Library/Cookies/Cookies.binarycookies
2015-04-03 20:37:08.591 AGifts[5278:159702] Apache Cordova native platform version 3.8.0 is starting.
2015-04-03 20:37:08.591 AGifts[5278:159702] Multi-tasking -> Device: YES, App: YES
2015-04-03 20:37:08.592 AGifts[5278:159702] Unlimited access to network resources
2015-04-03 20:37:08.594 AGifts[5278:159702] 

Started backup to iCloud! Please be careful.
Your application might be rejected by Apple if you store too much data.
For more information please read "iOS Data Storage Guidelines" at:
https://developer.apple.com/icloud/documentation/data-storage/
To disable web storage backup to iCloud, set the BackupWebStorage preference to "local" in the Cordova config.xml file

2015-04-03 20:37:08.701 AGifts[5278:159702] Resetting plugins due to page load.
2015-04-03 20:37:08.745 AGifts[5278:159702] Finished load of: file:///Users/anna/Library/Developer/CoreSimulator/Devices/D7472E38-83A0-461A-B955-BE7A3A1606A4/data/Containers/Bundle/Application/1A69054A-5107-4EA0-AF46-893DA65FE202/AGifts.app/www/index.html
2015-04-03 20:37:49.111 AGifts[5345:160230] DiskCookieStorage changing policy from 2 to 0, cookie file: file:///Users/anna/Library/Developer/CoreSimulator/Devices/D7472E38-83A0-461A-B955-BE7A3A1606A4/data/Containers/Data/Application/1CB5982B-A38E-4E87-B59C-80A310E21085/Library/Cookies/Cookies.binarycookies
2015-04-03 20:37:49.163 AGifts[5345:160230] Apache Cordova native platform version 3.8.0 is starting.
2015-04-03 20:37:49.163 AGifts[5345:160230] Multi-tasking -> Device: YES, App: YES
2015-04-03 20:37:49.165 AGifts[5345:160230] Unlimited access to network resources
2015-04-03 20:37:49.166 AGifts[5345:160230] 

Started backup to iCloud! Please be careful.
Your application might be rejected by Apple if you store too much data.
For more information please read "iOS Data Storage Guidelines" at:
https://developer.apple.com/icloud/documentation/data-storage/
To disable web storage backup to iCloud, set the BackupWebStorage preference to "local" in the Cordova config.xml file

2015-04-03 20:37:49.269 AGifts[5345:160230] Resetting plugins due to page load.
2015-04-03 20:37:49.314 AGifts[5345:160230] Finished load of: file:///Users/anna/Library/Developer/CoreSimulator/Devices/D7472E38-83A0-461A-B955-BE7A3A1606A4/data/Containers/Bundle/Application/A04214CC-04FE-4F76-A765-5D2169333F94/AGifts.app/www/index.html
2015-04-03 20:38:46.843 AGifts[5412:160824] DiskCookieStorage changing policy from 2 to 0, cookie file: file:///Users/anna/Library/Developer/CoreSimulator/Devices/D7472E38-83A0-461A-B955-BE7A3A1606A4/data/Containers/Data/Application/FC0BC193-150F-4986-BAD5-8FB4A92D44A9/Library/Cookies/Cookies.binarycookies
2015-04-03 20:38:46.900 AGifts[5412:160824] Apache Cordova native platform version 3.8.0 is starting.
2015-04-03 20:38:46.900 AGifts[5412:160824] Multi-tasking -> Device: YES, App: YES
2015-04-03 20:38:46.901 AGifts[5412:160824] Unlimited access to network resources
2015-04-03 20:38:46.903 AGifts[5412:160824] 

Started backup to iCloud! Please be careful.
Your application might be rejected by Apple if you store too much data.
For more information please read "iOS Data Storage Guidelines" at:
https://developer.apple.com/icloud/documentation/data-storage/
To disable web storage backup to iCloud, set the BackupWebStorage preference to "local" in the Cordova config.xml file

2015-04-03 20:38:47.005 AGifts[5412:160824] Resetting plugins due to page load.
2015-04-03 20:38:47.043 AGifts[5412:160824] Finished load of: file:///Users/anna/Library/Developer/CoreSimulator/Devices/D7472E38-83A0-461A-B955-BE7A3A1606A4/data/Containers/Bundle/Application/0FA23B51-83AF-4600-982F-FE1451CA67E3/AGifts.app/www/index.html
2015-04-03 20:39:46.221 AGifts[5483:161447] DiskCookieStorage changing policy from 2 to 0, cookie file: file:///Users/anna/Library/Developer/CoreSimulator/Devices/D7472E38-83A0-461A-B955-BE7A3A1606A4/data/Containers/Data/Application/745C8201-AC0F-4DDE-AD48-7681E2E2AB53/Library/Cookies/Cookies.binarycookies
2015-04-03 20:39:46.273 AGifts[5483:161447] Apache Cordova native platform version 3.8.0 is starting.
2015-04-03 20:39:46.274 AGifts[5483:161447] Multi-tasking -> Device: YES, App: YES
2015-04-03 20:39:46.275 AGifts[5483:161447] Unlimited access to network resources
2015-04-03 20:39:46.277 AGifts[5483:161447] 

Started backup to iCloud! Please be careful.
Your application might be rejected by Apple if you store too much data.
For more information please read "iOS Data Storage Guidelines" at:
https://developer.apple.com/icloud/documentation/data-storage/
To disable web storage backup to iCloud, set the BackupWebStorage preference to "local" in the Cordova config.xml file

2015-04-03 20:39:46.380 AGifts[5483:161447] Resetting plugins due to page load.
2015-04-03 20:39:46.425 AGifts[5483:161447] Finished load of: file:///Users/anna/Library/Developer/CoreSimulator/Devices/D7472E38-83A0-461A-B955-BE7A3A1606A4/data/Containers/Bundle/Application/C70554C3-06F0-4877-B293-9312DBEE4DD7/AGifts.app/www/index.html
2015-04-03 20:40:19.927 AGifts[5548:162084] DiskCookieStorage changing policy from 2 to 0, cookie file: file:///Users/anna/Library/Developer/CoreSimulator/Devices/D7472E38-83A0-461A-B955-BE7A3A1606A4/data/Containers/Data/Application/5BB2FB90-A5CA-4AEA-AEAE-BFEAFD190236/Library/Cookies/Cookies.binarycookies
2015-04-03 20:40:19.986 AGifts[5548:162084] Apache Cordova native platform version 3.8.0 is starting.
2015-04-03 20:40:19.986 AGifts[5548:162084] Multi-tasking -> Device: YES, App: YES
2015-04-03 20:40:19.988 AGifts[5548:162084] Unlimited access to network resources
2015-04-03 20:40:19.990 AGifts[5548:162084] 

Started backup to iCloud! Please be careful.
Your application might be rejected by Apple if you store too much data.
For more information please read "iOS Data Storage Guidelines" at:
https://developer.apple.com/icloud/documentation/data-storage/
To disable web storage backup to iCloud, set the BackupWebStorage preference to "local" in the Cordova config.xml file

2015-04-03 20:40:20.092 AGifts[5548:162084] Resetting plugins due to page load.
2015-04-03 20:40:20.131 AGifts[5548:162084] Finished load of: file:///Users/anna/Library/Developer/CoreSimulator/Devices/D7472E38-83A0-461A-B955-BE7A3A1606A4/data/Containers/Bundle/Application/A4F277FB-4972-4E08-A4DC-F0BFF456ADDF/AGifts.app/www/index.html
2015-04-03 20:41:08.914 AGifts[5613:162606] DiskCookieStorage changing policy from 2 to 0, cookie file: file:///Users/anna/Library/Developer/CoreSimulator/Devices/D7472E38-83A0-461A-B955-BE7A3A1606A4/data/Containers/Data/Application/C60CEBA8-AA5B-4F35-9AA0-C8D197E7B74A/Library/Cookies/Cookies.binarycookies
2015-04-03 20:41:08.970 AGifts[5613:162606] Apache Cordova native platform version 3.8.0 is starting.
2015-04-03 20:41:08.971 AGifts[5613:162606] Multi-tasking -> Device: YES, App: YES
2015-04-03 20:41:08.972 AGifts[5613:162606] Unlimited access to network resources
2015-04-03 20:41:08.973 AGifts[5613:162606] 

Started backup to iCloud! Please be careful.
Your application might be rejected by Apple if you store too much data.
For more information please read "iOS Data Storage Guidelines" at:
https://developer.apple.com/icloud/documentation/data-storage/
To disable web storage backup to iCloud, set the BackupWebStorage preference to "local" in the Cordova config.xml file

2015-04-03 20:41:09.081 AGifts[5613:162606] Resetting plugins due to page load.
2015-04-03 20:41:09.120 AGifts[5613:162606] Finished load of: file:///Users/anna/Library/Developer/CoreSimulator/Devices/D7472E38-83A0-461A-B955-BE7A3A1606A4/data/Containers/Bundle/Application/FA60F356-50BB-4CF5-9C17-DCD493FA133B/AGifts.app/www/index.html
2015-04-03 20:43:08.791 AGifts[5691:163853] DiskCookieStorage changing policy from 2 to 0, cookie file: file:///Users/anna/Library/Developer/CoreSimulator/Devices/D7472E38-83A0-461A-B955-BE7A3A1606A4/data/Containers/Data/Application/131BD46D-F490-4613-AF1F-93CD8FCE160D/Library/Cookies/Cookies.binarycookies
2015-04-03 20:43:08.853 AGifts[5691:163853] Apache Cordova native platform version 3.8.0 is starting.
2015-04-03 20:43:08.853 AGifts[5691:163853] Multi-tasking -> Device: YES, App: YES
2015-04-03 20:43:08.855 AGifts[5691:163853] Unlimited access to network resources
2015-04-03 20:43:08.856 AGifts[5691:163853] 

Started backup to iCloud! Please be careful.
Your application might be rejected by Apple if you store too much data.
For more information please read "iOS Data Storage Guidelines" at:
https://developer.apple.com/icloud/documentation/data-storage/
To disable web storage backup to iCloud, set the BackupWebStorage preference to "local" in the Cordova config.xml file

2015-04-03 20:43:08.961 AGifts[5691:163853] Resetting plugins due to page load.
2015-04-03 20:43:09.006 AGifts[5691:163853] Finished load of: file:///Users/anna/Library/Developer/CoreSimulator/Devices/D7472E38-83A0-461A-B955-BE7A3A1606A4/data/Containers/Bundle/Application/6875AC6B-D770-441F-8350-D93906E315BC/AGifts.app/www/index.html
2015-04-03 20:43:47.773 AGifts[5757:164328] DiskCookieStorage changing policy from 2 to 0, cookie file: file:///Users/anna/Library/Developer/CoreSimulator/Devices/D7472E38-83A0-461A-B955-BE7A3A1606A4/data/Containers/Data/Application/C324AC81-EC3F-446B-A90E-7C60B452B84B/Library/Cookies/Cookies.binarycookies
2015-04-03 20:43:47.827 AGifts[5757:164328] Apache Cordova native platform version 3.8.0 is starting.
2015-04-03 20:43:47.827 AGifts[5757:164328] Multi-tasking -> Device: YES, App: YES
2015-04-03 20:43:47.828 AGifts[5757:164328] Unlimited access to network resources
2015-04-03 20:43:47.830 AGifts[5757:164328] 

Started backup to iCloud! Please be careful.
Your application might be rejected by Apple if you store too much data.
For more information please read "iOS Data Storage Guidelines" at:
https://developer.apple.com/icloud/documentation/data-storage/
To disable web storage backup to iCloud, set the BackupWebStorage preference to "local" in the Cordova config.xml file

2015-04-03 20:43:47.935 AGifts[5757:164328] Resetting plugins due to page load.
2015-04-03 20:43:47.974 AGifts[5757:164328] Finished load of: file:///Users/anna/Library/Developer/CoreSimulator/Devices/D7472E38-83A0-461A-B955-BE7A3A1606A4/data/Containers/Bundle/Application/686EC8BC-5DFC-42B3-8772-CB8AFD09F092/AGifts.app/www/index.html
2015-04-03 20:45:16.863 AGifts[5832:165369] DiskCookieStorage changing policy from 2 to 0, cookie file: file:///Users/anna/Library/Developer/CoreSimulator/Devices/D7472E38-83A0-461A-B955-BE7A3A1606A4/data/Containers/Data/Application/CC18C6A6-3B2C-4416-A0A7-E5377316E079/Library/Cookies/Cookies.binarycookies
2015-04-03 20:45:16.916 AGifts[5832:165369] Apache Cordova native platform version 3.8.0 is starting.
2015-04-03 20:45:16.916 AGifts[5832:165369] Multi-tasking -> Device: YES, App: YES
2015-04-03 20:45:16.917 AGifts[5832:165369] Unlimited access to network resources
2015-04-03 20:45:16.919 AGifts[5832:165369] 

Started backup to iCloud! Please be careful.
Your application might be rejected by Apple if you store too much data.
For more information please read "iOS Data Storage Guidelines" at:
https://developer.apple.com/icloud/documentation/data-storage/
To disable web storage backup to iCloud, set the BackupWebStorage preference to "local" in the Cordova config.xml file

2015-04-03 20:45:17.032 AGifts[5832:165369] Resetting plugins due to page load.
2015-04-03 20:45:17.076 AGifts[5832:165369] Finished load of: file:///Users/anna/Library/Developer/CoreSimulator/Devices/D7472E38-83A0-461A-B955-BE7A3A1606A4/data/Containers/Bundle/Application/FDF36D6A-D0D4-4F12-967C-05BA049F4E2A/AGifts.app/www/index.html
2015-04-03 20:57:36.798 AGifts[5959:169832] DiskCookieStorage changing policy from 2 to 0, cookie file: file:///Users/anna/Library/Developer/CoreSimulator/Devices/D7472E38-83A0-461A-B955-BE7A3A1606A4/data/Containers/Data/Application/E379A1FF-814C-4875-A2DA-96ED71113439/Library/Cookies/Cookies.binarycookies
2015-04-03 20:57:36.864 AGifts[5959:169832] Apache Cordova native platform version 3.8.0 is starting.
2015-04-03 20:57:36.864 AGifts[5959:169832] Multi-tasking -> Device: YES, App: YES
2015-04-03 20:57:36.865 AGifts[5959:169832] Unlimited access to network resources
2015-04-03 20:57:36.867 AGifts[5959:169832] 

Started backup to iCloud! Please be careful.
Your application might be rejected by Apple if you store too much data.
For more information please read "iOS Data Storage Guidelines" at:
https://developer.apple.com/icloud/documentation/data-storage/
To disable web storage backup to iCloud, set the BackupWebStorage preference to "local" in the Cordova config.xml file

2015-04-03 20:57:36.977 AGifts[5959:169832] Resetting plugins due to page load.
2015-04-03 20:57:37.149 AGifts[5959:169832] Finished load of: file:///Users/anna/Library/Developer/CoreSimulator/Devices/D7472E38-83A0-461A-B955-BE7A3A1606A4/data/Containers/Bundle/Application/C00A3F03-4E46-49D4-A0FC-642CF1DF718A/AGifts.app/www/index.html
2015-04-03 20:58:31.373 AGifts[6028:170429] DiskCookieStorage changing policy from 2 to 0, cookie file: file:///Users/anna/Library/Developer/CoreSimulator/Devices/D7472E38-83A0-461A-B955-BE7A3A1606A4/data/Containers/Data/Application/E45AAB3B-CE0A-4285-B1D8-BC7C628E5016/Library/Cookies/Cookies.binarycookies
2015-04-03 20:58:31.425 AGifts[6028:170429] Apache Cordova native platform version 3.8.0 is starting.
2015-04-03 20:58:31.425 AGifts[6028:170429] Multi-tasking -> Device: YES, App: YES
2015-04-03 20:58:31.426 AGifts[6028:170429] Unlimited access to network resources
2015-04-03 20:58:31.428 AGifts[6028:170429] 

Started backup to iCloud! Please be careful.
Your application might be rejected by Apple if you store too much data.
For more information please read "iOS Data Storage Guidelines" at:
https://developer.apple.com/icloud/documentation/data-storage/
To disable web storage backup to iCloud, set the BackupWebStorage preference to "local" in the Cordova config.xml file

2015-04-03 20:58:31.534 AGifts[6028:170429] Resetting plugins due to page load.
2015-04-03 20:58:31.585 AGifts[6028:170429] Finished load of: file:///Users/anna/Library/Developer/CoreSimulator/Devices/D7472E38-83A0-461A-B955-BE7A3A1606A4/data/Containers/Bundle/Application/FBA9807B-4289-4011-BF3C-59D96BADBB14/AGifts.app/www/index.html
2015-04-03 21:15:52.779 AGifts[6185:176295] DiskCookieStorage changing policy from 2 to 0, cookie file: file:///Users/anna/Library/Developer/CoreSimulator/Devices/D7472E38-83A0-461A-B955-BE7A3A1606A4/data/Containers/Data/Application/5AACB3D6-2FD4-4A7A-B9DA-161F723808B4/Library/Cookies/Cookies.binarycookies
2015-04-03 21:15:52.848 AGifts[6185:176295] Apache Cordova native platform version 3.8.0 is starting.
2015-04-03 21:15:52.849 AGifts[6185:176295] Multi-tasking -> Device: YES, App: YES
2015-04-03 21:15:52.850 AGifts[6185:176295] Unlimited access to network resources
2015-04-03 21:15:52.852 AGifts[6185:176295] 

Started backup to iCloud! Please be careful.
Your application might be rejected by Apple if you store too much data.
For more information please read "iOS Data Storage Guidelines" at:
https://developer.apple.com/icloud/documentation/data-storage/
To disable web storage backup to iCloud, set the BackupWebStorage preference to "local" in the Cordova config.xml file

2015-04-03 21:15:52.966 AGifts[6185:176295] Resetting plugins due to page load.
2015-04-03 21:15:53.013 AGifts[6185:176295] Finished load of: file:///Users/anna/Library/Developer/CoreSimulator/Devices/D7472E38-83A0-461A-B955-BE7A3A1606A4/data/Containers/Bundle/Application/6CDE1B75-86DC-4444-B59E-0CEB527F9403/AGifts.app/www/index.html
2015-04-03 21:24:16.605 AGifts[6340:179743] DiskCookieStorage changing policy from 2 to 0, cookie file: file:///Users/anna/Library/Developer/CoreSimulator/Devices/D7472E38-83A0-461A-B955-BE7A3A1606A4/data/Containers/Data/Application/9C460931-422F-4883-BAE5-F88C532DA257/Library/Cookies/Cookies.binarycookies
2015-04-03 21:24:16.654 AGifts[6340:179743] Apache Cordova native platform version 3.8.0 is starting.
2015-04-03 21:24:16.654 AGifts[6340:179743] Multi-tasking -> Device: YES, App: YES
2015-04-03 21:24:16.655 AGifts[6340:179743] Unlimited access to network resources
2015-04-03 21:24:16.658 AGifts[6340:179743] 

Started backup to iCloud! Please be careful.
Your application might be rejected by Apple if you store too much data.
For more information please read "iOS Data Storage Guidelines" at:
https://developer.apple.com/icloud/documentation/data-storage/
To disable web storage backup to iCloud, set the BackupWebStorage preference to "local" in the Cordova config.xml file

2015-04-03 21:24:16.768 AGifts[6340:179743] Resetting plugins due to page load.
2015-04-03 21:24:16.810 AGifts[6340:179743] Finished load of: file:///Users/anna/Library/Developer/CoreSimulator/Devices/D7472E38-83A0-461A-B955-BE7A3A1606A4/data/Containers/Bundle/Application/89EDB643-F995-4FBC-811A-9E7D64022BB2/AGifts.app/www/index.html
2015-04-03 21:27:40.666 AGifts[6433:181691] DiskCookieStorage changing policy from 2 to 0, cookie file: file:///Users/anna/Library/Developer/CoreSimulator/Devices/D7472E38-83A0-461A-B955-BE7A3A1606A4/data/Containers/Data/Application/2E57E1CD-1688-46D7-B221-AFE5A59E4AFC/Library/Cookies/Cookies.binarycookies
2015-04-03 21:27:40.732 AGifts[6433:181691] Apache Cordova native platform version 3.8.0 is starting.
2015-04-03 21:27:40.733 AGifts[6433:181691] Multi-tasking -> Device: YES, App: YES
2015-04-03 21:27:40.734 AGifts[6433:181691] Unlimited access to network resources
2015-04-03 21:27:40.736 AGifts[6433:181691] 

Started backup to iCloud! Please be careful.
Your application might be rejected by Apple if you store too much data.
For more information please read "iOS Data Storage Guidelines" at:
https://developer.apple.com/icloud/documentation/data-storage/
To disable web storage backup to iCloud, set the BackupWebStorage preference to "local" in the Cordova config.xml file

2015-04-03 21:27:40.839 AGifts[6433:181691] Resetting plugins due to page load.
2015-04-03 21:27:40.886 AGifts[6433:181691] Finished load of: file:///Users/anna/Library/Developer/CoreSimulator/Devices/D7472E38-83A0-461A-B955-BE7A3A1606A4/data/Containers/Bundle/Application/F7DE2AA1-E653-4E79-9E27-CF37F49BBCEC/AGifts.app/www/index.html
2015-04-03 21:30:14.223 AGifts[6517:182836] DiskCookieStorage changing policy from 2 to 0, cookie file: file:///Users/anna/Library/Developer/CoreSimulator/Devices/D7472E38-83A0-461A-B955-BE7A3A1606A4/data/Containers/Data/Application/59BD33A8-6356-4486-B661-C8F53E676355/Library/Cookies/Cookies.binarycookies
2015-04-03 21:30:14.278 AGifts[6517:182836] Apache Cordova native platform version 3.8.0 is starting.
2015-04-03 21:30:14.278 AGifts[6517:182836] Multi-tasking -> Device: YES, App: YES
2015-04-03 21:30:14.280 AGifts[6517:182836] Unlimited access to network resources
2015-04-03 21:30:14.282 AGifts[6517:182836] 

Started backup to iCloud! Please be careful.
Your application might be rejected by Apple if you store too much data.
For more information please read "iOS Data Storage Guidelines" at:
https://developer.apple.com/icloud/documentation/data-storage/
To disable web storage backup to iCloud, set the BackupWebStorage preference to "local" in the Cordova config.xml file

2015-04-03 21:30:14.381 AGifts[6517:182836] Resetting plugins due to page load.
2015-04-03 21:30:14.424 AGifts[6517:182836] Finished load of: file:///Users/anna/Library/Developer/CoreSimulator/Devices/D7472E38-83A0-461A-B955-BE7A3A1606A4/data/Containers/Bundle/Application/02E8F8A7-4FE4-4EE9-BF8F-9C103E87F082/AGifts.app/www/index.html
2015-04-03 21:40:23.945 AGifts[6634:186112] DiskCookieStorage changing policy from 2 to 0, cookie file: file:///Users/anna/Library/Developer/CoreSimulator/Devices/D7472E38-83A0-461A-B955-BE7A3A1606A4/data/Containers/Data/Application/E638BA29-DDFF-4043-BF76-ADF07BB7FFB9/Library/Cookies/Cookies.binarycookies
2015-04-03 21:40:24.012 AGifts[6634:186112] Apache Cordova native platform version 3.8.0 is starting.
2015-04-03 21:40:24.012 AGifts[6634:186112] Multi-tasking -> Device: YES, App: YES
2015-04-03 21:40:24.013 AGifts[6634:186112] Unlimited access to network resources
2015-04-03 21:40:24.015 AGifts[6634:186112] 

Started backup to iCloud! Please be careful.
Your application might be rejected by Apple if you store too much data.
For more information please read "iOS Data Storage Guidelines" at:
https://developer.apple.com/icloud/documentation/data-storage/
To disable web storage backup to iCloud, set the BackupWebStorage preference to "local" in the Cordova config.xml file

2015-04-03 21:40:24.126 AGifts[6634:186112] Resetting plugins due to page load.
2015-04-03 21:40:24.170 AGifts[6634:186112] Finished load of: file:///Users/anna/Library/Developer/CoreSimulator/Devices/D7472E38-83A0-461A-B955-BE7A3A1606A4/data/Containers/Bundle/Application/9803FCC0-4AD0-43FE-BD7F-A21BE2440319/AGifts.app/www/index.html
2015-04-04 13:56:47.009 AGifts[752:19377] DiskCookieStorage changing policy from 2 to 0, cookie file: file:///Users/anna/Library/Developer/CoreSimulator/Devices/D7472E38-83A0-461A-B955-BE7A3A1606A4/data/Containers/Data/Application/05168427-7139-4BCF-A983-7A788567A525/Library/Cookies/Cookies.binarycookies
2015-04-04 13:56:47.245 AGifts[752:19377] Apache Cordova native platform version 3.8.0 is starting.
2015-04-04 13:56:47.246 AGifts[752:19377] Multi-tasking -> Device: YES, App: YES
2015-04-04 13:56:47.262 AGifts[752:19377] Unlimited access to network resources
2015-04-04 13:56:47.272 AGifts[752:19377] 

Started backup to iCloud! Please be careful.
Your application might be rejected by Apple if you store too much data.
For more information please read "iOS Data Storage Guidelines" at:
https://developer.apple.com/icloud/documentation/data-storage/
To disable web storage backup to iCloud, set the BackupWebStorage preference to "local" in the Cordova config.xml file

2015-04-04 13:56:47.821 AGifts[752:19377] Resetting plugins due to page load.
2015-04-04 13:56:47.971 AGifts[752:19377] Finished load of: file:///Users/anna/Library/Developer/CoreSimulator/Devices/D7472E38-83A0-461A-B955-BE7A3A1606A4/data/Containers/Bundle/Application/A38033DD-840D-44D3-A458-38136263B791/AGifts.app/www/index.html
